0 info it worked if it ends with ok
1 verbose cli [ 'node', '/usr/local/bin/npm', 'install', 'REST', '--save' ]
2 info using npm@2.5.1
3 info using node@v0.10.25
4 verbose node symlink /usr/bin/node
5 warn package.json package.json@0.0.0 No repository field.
6 warn package.json package.json@0.0.0 No README data
7 silly cache add args [ 'REST', null ]
8 verbose cache add spec REST
9 silly cache add parsed spec { raw: 'REST',
9 silly cache add   scope: null,
9 silly cache add   name: 'REST',
9 silly cache add   rawSpec: '',
9 silly cache add   spec: '*',
9 silly cache add   type: 'range' }
10 verbose addNamed REST@*
11 silly addNamed semver.valid null
12 silly addNamed semver.validRange *
13 silly addNameRange { name: 'REST', range: '*', hasData: false }
14 silly mapToRegistry name REST
15 silly mapToRegistry using default registry
16 silly mapToRegistry registry https://registry.npmjs.org/
17 silly mapToRegistry uri https://registry.npmjs.org/REST
18 verbose addNameRange registry:https://registry.npmjs.org/REST not in flight; fetching
19 verbose request uri https://registry.npmjs.org/REST
20 verbose request no auth needed
21 info attempt registry request try #1 at 15:22:15
22 verbose request using bearer token for auth
23 verbose request id 095ef44c1ca00337
24 http request GET https://registry.npmjs.org/REST
25 http 404 https://registry.npmjs.org/REST
26 verbose headers { 'content-type': 'application/json',
26 verbose headers   'cache-control': 'max-age=0',
26 verbose headers   'content-length': '2',
26 verbose headers   'accept-ranges': 'bytes',
26 verbose headers   date: 'Wed, 04 Nov 2015 20:22:15 GMT',
26 verbose headers   via: '1.1 varnish',
26 verbose headers   connection: 'keep-alive',
26 verbose headers   'x-served-by': 'cache-sjc3123-SJC',
26 verbose headers   'x-cache': 'MISS',
26 verbose headers   'x-cache-hits': '0',
26 verbose headers   'x-timer': 'S1446668535.873327,VS0,VE40' }
27 silly get cb [ 404,
27 silly get   { 'content-type': 'application/json',
27 silly get     'cache-control': 'max-age=0',
27 silly get     'content-length': '2',
27 silly get     'accept-ranges': 'bytes',
27 silly get     date: 'Wed, 04 Nov 2015 20:22:15 GMT',
27 silly get     via: '1.1 varnish',
27 silly get     connection: 'keep-alive',
27 silly get     'x-served-by': 'cache-sjc3123-SJC',
27 silly get     'x-cache': 'MISS',
27 silly get     'x-cache-hits': '0',
27 silly get     'x-timer': 'S1446668535.873327,VS0,VE40' } ]
28 verbose stack Error: Registry returned 404 for GET on https://registry.npmjs.org/REST
28 verbose stack     at CachingRegistryClient.<anonymous> (/usr/local/lib/node_modules/npm/node_modules/npm-registry-client/lib/request.js:244:14)
28 verbose stack     at Request._callback (/usr/local/lib/node_modules/npm/node_modules/npm-registry-client/lib/request.js:178:14)
28 verbose stack     at Request.self.callback (/usr/local/lib/node_modules/npm/node_modules/request/request.js:344:22)
28 verbose stack     at Request.EventEmitter.emit (events.js:98:17)
28 verbose stack     at Request.<anonymous> (/usr/local/lib/node_modules/npm/node_modules/request/request.js:1239:14)
28 verbose stack     at Request.EventEmitter.emit (events.js:117:20)
28 verbose stack     at IncomingMessage.<anonymous> (/usr/local/lib/node_modules/npm/node_modules/request/request.js:1187:12)
28 verbose stack     at IncomingMessage.EventEmitter.emit (events.js:117:20)
28 verbose stack     at _stream_readable.js:920:16
28 verbose stack     at process._tickCallback (node.js:415:13)
29 verbose statusCode 404
30 verbose pkgid REST
31 verbose cwd /home/cabox/workspace
32 error Linux 2.6.32-042stab104.1
33 error argv "node" "/usr/local/bin/npm" "install" "REST" "--save"
34 error node v0.10.25
35 error npm  v2.5.1
36 error code E404
37 error 404 Registry returned 404 for GET on https://registry.npmjs.org/REST
37 error 404
37 error 404 'REST' is not in the npm registry.
37 error 404 You should bug the author to publish it (or use the name yourself!)
37 error 404
37 error 404 Note that you can also install from a
37 error 404 tarball, folder, http url, or git url.
38 verbose exit [ 1, true ]
